<?xml version="1.0" encoding="UTF-8"?>
<!-- Generated by org.testng.reporters.JUnitXMLReporter -->
<testsuite ignored="3" hostname="DSCHD-PC-CB-122" failures="0" tests="0" time="0.02" errors="0" timestamp="2023-02-15T15:54:24 IST">
  <testcase classname="testNG.verifytext" name="textverify" time="0.0">
    <ignored/>
  </testcase> <!-- textverify -->
  <testcase classname="testNG.verifytext" name="login" time="0.0">
    <ignored/>
  </testcase> <!-- login -->
  <testcase classname="testNG.verifytext" name="login_Linkverify" time="0.0">
    <ignored/>
  </testcase> <!-- login_Linkverify -->
</testsuite>
