<?xml version="1.0" encoding="UTF-8"?>
<testng-results ignored="3" total="3" passed="0" failed="0" skipped="0">
  <reporter-output>
  </reporter-output>
  <suite started-at="2023-02-15T15:54:24 IST" name="Default suite" finished-at="2023-02-15T15:54:24 IST" duration-ms="20">
    <groups>
    </groups>
    <test started-at="2023-02-15T15:54:24 IST" name="Default test" finished-at="2023-02-15T15:54:24 IST" duration-ms="20">
      <class name="testNG.verifytext">
        <test-method is-config="true" signature="befortest()[pri:0, instance:testNG.verifytext@3c73951]" started-at="2023-02-15T15:54:24 IST" name="befortest" finished-at="2023-02-15T15:54:24 IST" duration-ms="7" status="PASS">
          <reporter-output>
          </reporter-output>
        </test-method> <!-- befortest -->
        <test-method is-config="true" signature="aftertest()[pri:0, instance:testNG.verifytext@3c73951]" started-at="2023-02-15T15:54:24 IST" name="aftertest" finished-at="2023-02-15T15:54:24 IST" duration-ms="1" status="PASS">
          <reporter-output>
          </reporter-output>
        </test-method> <!-- aftertest -->
      </class> <!-- testNG.verifytext -->
    </test> <!-- Default test -->
  </suite> <!-- Default suite -->
</testng-results>
